
> vibe-generated-app@1.0.0 dev
> vite


  VITE v5.4.20  ready in 281 ms

  ➜  Local:   http://localhost:3000/
  ➜  Network: http://172.20.9.106:3000/
10:14:18 PM [vite] Pre-transform error: Transform failed with 1 error:
/home/workspace/src/components/DonateWidget.jsx:158:74: ERROR: Expected "}" but found ":"
10:14:18 PM [vite] Internal server error: Transform failed with 1 error:
/home/workspace/src/components/DonateWidget.jsx:158:74: ERROR: Expected "}" but found ":"
  Plugin: vite:esbuild
  File: /home/workspace/src/components/DonateWidget.jsx:158:74
  
  Expected "}" but found ":"
  156|                <div className="text-sm text-gray-500">Total Raised</div>
  157|                <div className="mt-1 text-3xl font-bold text-emerald-700">
  158|                  ${'{'}stats.total_amount.toLocaleString(undefined, { style: 'currency', currency: 'USD' }).replace('$',''){'}'}
     |                                                                            ^
  159|                </div>
  160|              </div>
  
      at failureErrorWithLog (/home/workspace/node_modules/esbuild/lib/main.js:1472:15)
      at /home/workspace/node_modules/esbuild/lib/main.js:755:50
      at responseCallbacks.<computed> (/home/workspace/node_modules/esbuild/lib/main.js:622:9)
      at handleIncomingPacket (/home/workspace/node_modules/esbuild/lib/main.js:677:12)
      at Socket.readFromStdout (/home/workspace/node_modules/esbuild/lib/main.js:600:7)
      at Socket.emit (node:events:508:28)
      at addChunk (node:internal/streams/readable:559:12)
      at readableAddChunkPushByteMode (node:internal/streams/readable:510:3)
      at Readable.push (node:internal/streams/readable:390:5)
      at Pipe.onStreamRead (node:internal/stream_base_commons:189:23)
10:14:22 PM [vite] Internal server error: Transform failed with 1 error:
/home/workspace/src/components/DonateWidget.jsx:158:74: ERROR: Expected "}" but found ":"
  Plugin: vite:esbuild
  File: /home/workspace/src/components/DonateWidget.jsx:158:74
  
  Expected "}" but found ":"
  156|                <div className="text-sm text-gray-500">Total Raised</div>
  157|                <div className="mt-1 text-3xl font-bold text-emerald-700">
  158|                  ${'{'}stats.total_amount.toLocaleString(undefined, { style: 'currency', currency: 'USD' }).replace('$',''){'}'}
     |                                                                            ^
  159|                </div>
  160|              </div>
  
      at failureErrorWithLog (/home/workspace/node_modules/esbuild/lib/main.js:1472:15)
      at /home/workspace/node_modules/esbuild/lib/main.js:755:50
      at responseCallbacks.<computed> (/home/workspace/node_modules/esbuild/lib/main.js:622:9)
      at handleIncomingPacket (/home/workspace/node_modules/esbuild/lib/main.js:677:12)
      at Socket.readFromStdout (/home/workspace/node_modules/esbuild/lib/main.js:600:7)
      at Socket.emit (node:events:508:28)
      at addChunk (node:internal/streams/readable:559:12)
      at readableAddChunkPushByteMode (node:internal/streams/readable:510:3)
      at Readable.push (node:internal/streams/readable:390:5)
      at Pipe.onStreamRead (node:internal/stream_base_commons:189:23)
10:14:42 PM [vite] Internal server error: Transform failed with 1 error:
/home/workspace/src/components/DonateWidget.jsx:158:74: ERROR: Expected "}" but found ":"
  Plugin: vite:esbuild
  File: /home/workspace/src/components/DonateWidget.jsx:158:74
  
  Expected "}" but found ":"
  156|                <div className="text-sm text-gray-500">Total Raised</div>
  157|                <div className="mt-1 text-3xl font-bold text-emerald-700">
  158|                  ${'{'}stats.total_amount.toLocaleString(undefined, { style: 'currency', currency: 'USD' }).replace('$',''){'}'}
     |                                                                            ^
  159|                </div>
  160|              </div>
  
      at failureErrorWithLog (/home/workspace/node_modules/esbuild/lib/main.js:1472:15)
      at /home/workspace/node_modules/esbuild/lib/main.js:755:50
      at responseCallbacks.<computed> (/home/workspace/node_modules/esbuild/lib/main.js:622:9)
      at handleIncomingPacket (/home/workspace/node_modules/esbuild/lib/main.js:677:12)
      at Socket.readFromStdout (/home/workspace/node_modules/esbuild/lib/main.js:600:7)
      at Socket.emit (node:events:508:28)
      at addChunk (node:internal/streams/readable:559:12)
      at readableAddChunkPushByteMode (node:internal/streams/readable:510:3)
      at Readable.push (node:internal/streams/readable:390:5)
      at Pipe.onStreamRead (node:internal/stream_base_commons:189:23)
